<?xml version="1.0" encoding="UTF-8"?>
<testng-results ignored="0" total="1" passed="1" failed="0" skipped="0">
  <reporter-output>
  </reporter-output>
  <suite started-at="2023-08-14T16:07:53 IST" name="Inetbanking" finished-at="2023-08-14T16:08:08 IST" duration-ms="15223">
    <groups>
    </groups>
    <test started-at="2023-08-14T16:07:53 IST" name="Test" finished-at="2023-08-14T16:08:08 IST" duration-ms="15223">
      <class name="com.inetBanking.testCases.TC_LoginTest_001">
        <test-method is-config="true" signature="setup(java.lang.String)[pri:0, instance:com.inetBanking.testCases.TC_LoginTest_001@6f4a47c7]" started-at="2023-08-14T16:07:53 IST" name="setup" finished-at="2023-08-14T16:07:58 IST" duration-ms="5254" status="PASS">
          <params>
            <param index="0">
              <value>
                <![CDATA[chrome]]>
              </value>
            </param>
          </params>
          <reporter-output>
          </reporter-output>
        </test-method> <!-- setup -->
        <test-method signature="LoginTest()[pri:0, instance:com.inetBanking.testCases.TC_LoginTest_001@6f4a47c7]" started-at="2023-08-14T16:07:58 IST" name="LoginTest" finished-at="2023-08-14T16:08:08 IST" duration-ms="9232" status="PASS">
          <reporter-output>
          </reporter-output>
        </test-method> <!-- LoginTest -->
        <test-method is-config="true" signature="tearDown()[pri:0, instance:com.inetBanking.testCases.TC_LoginTest_001@6f4a47c7]" started-at="2023-08-14T16:08:08 IST" name="tearDown" finished-at="2023-08-14T16:08:08 IST" duration-ms="444" status="PASS">
          <reporter-output>
          </reporter-output>
        </test-method> <!-- tearDown -->
      </class> <!-- com.inetBanking.testCases.TC_LoginTest_001 -->
    </test> <!-- Test -->
  </suite> <!-- Inetbanking -->
</testng-results>
